<?xml version="1.0" encoding="UTF-8"?>
<testsuite xmlns:xsi="http://www.w3.org/2001/XMLSchema-instance" xsi:noNamespaceSchemaLocation="https://maven.apache.org/surefire/maven-surefire-plugin/xsd/surefire-test-report-3.0.xsd" version="3.0" name="br.university.biblioteca.service.VerificadorVencidosTest" time="0.102" tests="6" errors="0" skipped="0" failures="0">
  <properties>
[...]
</properties>
  <testcase name="deveAplicarMultaEEnviarEmailParaVencidos" classname="br.university.biblioteca.service.VerificadorVencidosTest" time="0.029"/>
  <testcase name="naoDeveEnviarEmailNemAplicarMultaSeNaoVencido" classname="br.university.biblioteca.service.VerificadorVencidosTest" time="0.002"/>
  <testcase name="deveCalcularMultaCorretamenteParaAtrasos(int, double)[1]" classname="br.university.biblioteca.service.VerificadorVencidosTest" time="0.004"/>
  <testcase name="deveCalcularMultaCorretamenteParaAtrasos(int, double)[2]" classname="br.university.biblioteca.service.VerificadorVencidosTest" time="0.012"/>
  <testcase name="deveCalcularMultaCorretamenteParaAtrasos(int, double)[3]" classname="br.university.biblioteca.service.VerificadorVencidosTest" time="0.012"/>
  <testcase name="deveCalcularMultaCorretamenteParaAtrasos(int, double)[4]" classname="br.university.biblioteca.service.VerificadorVencidosTest" time="0.005"/>
</testsuite>